<?xml version="1.0" encoding="UTF-8" ?>
<testsuite tests="1" failures="0" name="com.sf.springsecurityregistration1.web.CreateDeleteAnnouncementJunit" time="7.537" errors="0" skipped="0">
  <properties>
    <property name="java.runtime.name" value="Java(TM) SE Runtime Environment"/>
    <property name="sun.boot.library.path" value="C:\Java\jdk8_31\jre\bin"/>
    <property name="java.vm.version" value="25.31-b07"/>
    <property name="user.country.format" value="UA"/>
    <property name="java.vm.vendor" value="Oracle Corporation"/>
    <property name="java.vendor.url" value="http://java.oracle.com/"/>
    <property name="path.separator" value=";"/>
    <property name="guice.disable.misplaced.annotation.check" value="true"/>
    <property name="java.vm.name" value="Java HotSpot(TM) 64-Bit Server VM"/>
    <property name="file.encoding.pkg" value="sun.io"/>
    <property name="user.script" value=""/>
    <property name="user.country" value="US"/>
    <property name="sun.java.launcher" value="SUN_STANDARD"/>
    <property name="sun.os.patch.level" value=""/>
    <property name="test" value="com.sf.springsecurityregistration1.web.CreateDeleteAnnouncementJunit"/>
    <property name="java.vm.specification.name" value="Java Virtual Machine Specification"/>
    <property name="user.dir" value="C:\Users\sf\Java\Spring\Security\SpringSecurityRegistration1"/>
    <property name="java.runtime.version" value="1.8.0_31-b13"/>
    <property name="java.awt.graphicsenv" value="sun.awt.Win32GraphicsEnvironment"/>
    <property name="java.endorsed.dirs" value="C:\Java\jdk8_31\jre\lib\endorsed"/>
    <property name="os.arch" value="amd64"/>
    <property name="java.io.tmpdir" value="C:\Users\sf\AppData\Local\Temp\"/>
    <property name="line.separator" value="
"/>
    <property name="java.vm.specification.vendor" value="Oracle Corporation"/>
    <property name="user.variant" value=""/>
    <property name="os.name" value="Windows 7"/>
    <property name="maven.ext.class.path" value="C:\Java\NetBeans 8.0.2\java\maven-nblib\netbeans-eventspy.jar"/>
    <property name="classworlds.conf" value="C:\Java\NetBeans 8.0.2\java\maven\bin\m2.conf"/>
    <property name="sun.jnu.encoding" value="Cp1251"/>
    <property name="java.library.path" value="C:\Java\jdk8_31\bin;C:\Windows\Sun\Java\bin;C:\Windows\system32;C:\Windows;c:\Java\jdk8_31\bin\;C:\ProgramData\Oracle\Java\javapath;C:\Oracle\product\11.2.0\client_1\bin;C:\Program Files (x86)\Intel\iCLS Client\;C:\Program Files\Intel\iCLS Client\;C:\Windows\system32;c:\Java\liferay\liferay-portal-6.2-ce-ga3\tomcat-7.0.42\bin;c:\Program Files (x86)\Groovy\Groovy-2.4.0\bin;c:\Users\sf\Java\apache-ant-1.9.4\\bin\;C:\Program Files (x86)\MiKTeX 2.9\miktex\bin\;d:\Java\apache-maven-3.0.5\bin\;C:\Program Files (x86)\Skype\Phone\;."/>
    <property name="java.specification.name" value="Java Platform API Specification"/>
    <property name="java.class.version" value="52.0"/>
    <property name="sun.management.compiler" value="HotSpot 64-Bit Tiered Compilers"/>
    <property name="os.version" value="6.1"/>
    <property name="user.home" value="C:\Users\sf"/>
    <property name="user.timezone" value="Europe/Helsinki"/>
    <property name="java.awt.printerjob" value="sun.awt.windows.WPrinterJob"/>
    <property name="java.specification.version" value="1.8"/>
    <property name="file.encoding" value="UTF-8"/>
    <property name="user.name" value="sf"/>
    <property name="java.class.path" value="C:\Java\NetBeans 8.0.2\java\maven\boot\plexus-classworlds-2.4.jar"/>
    <property name="java.vm.specification.version" value="1.8"/>
    <property name="sun.arch.data.model" value="64"/>
    <property name="java.home" value="C:\Java\jdk8_31\jre"/>
    <property name="sun.java.command" value="org.codehaus.plexus.classworlds.launcher.Launcher -Dtest=com.sf.springsecurityregistration1.web.CreateDeleteAnnouncementJunit -Dmaven.ext.class.path=C:\Java\NetBeans 8.0.2\java\maven-nblib\netbeans-eventspy.jar -Dfile.encoding=UTF-8 surefire:test"/>
    <property name="java.specification.vendor" value="Oracle Corporation"/>
    <property name="user.language" value="en"/>
    <property name="user.language.format" value="uk"/>
    <property name="awt.toolkit" value="sun.awt.windows.WToolkit"/>
    <property name="java.vm.info" value="mixed mode"/>
    <property name="java.version" value="1.8.0_31"/>
    <property name="java.ext.dirs" value="C:\Java\jdk8_31\jre\lib\ext;C:\Windows\Sun\Java\lib\ext"/>
    <property name="sun.boot.class.path" value="C:\Java\jdk8_31\jre\lib\resources.jar;C:\Java\jdk8_31\jre\lib\rt.jar;C:\Java\jdk8_31\jre\lib\sunrsasign.jar;C:\Java\jdk8_31\jre\lib\jsse.jar;C:\Java\jdk8_31\jre\lib\jce.jar;C:\Java\jdk8_31\jre\lib\charsets.jar;C:\Java\jdk8_31\jre\lib\jfr.jar;C:\Java\jdk8_31\jre\classes"/>
    <property name="java.vendor" value="Oracle Corporation"/>
    <property name="maven.home" value="C:\Java\NetBeans 8.0.2\java\maven"/>
    <property name="file.separator" value="\"/>
    <property name="java.vendor.url.bug" value="http://bugreport.sun.com/bugreport/"/>
    <property name="sun.cpu.endian" value="little"/>
    <property name="sun.io.unicode.encoding" value="UnicodeLittle"/>
    <property name="sun.desktop" value="windows"/>
    <property name="sun.cpu.isalist" value="amd64"/>
  </properties>
  <testcase classname="com.sf.springsecurityregistration1.web.CreateDeleteAnnouncementJunit" name="CreateDeleteAnnouncementJunit" time="7.451"/>
</testsuite>